Critical error: in config loaded from .luacheckrc: invalid value of option 'std': unknown std 'wow'
Critical error: in config loaded from .luacheckrc: invalid value of option 'std': unknown std 'wow'
Critical error: in config loaded from .luacheckrc: invalid value of option 'std': unknown std 'wow'
Critical error: in config loaded from .luacheckrc: invalid value of option 'std': unknown std 'wow'
Critical error: in config loaded from .luacheckrc: invalid value of option 'std': unknown std 'wow'
Critical error: in config loaded from .luacheckrc: invalid value of option 'std': unknown std 'wow'
Critical error: in config loaded from .luacheckrc: invalid value of option 'std': unknown std 'wow'
Critical error: in config loaded from .luacheckrc: invalid value of option 'std': unknown std 'wow'
Checking /home/openclaw/.openclaw/workspace/git-repos/ShadowedUnitFrames/modules/basecombopoints.lua 2 warnings

    /home/openclaw/.openclaw/workspace/git-repos/ShadowedUnitFrames/modules/basecombopoints.lua:2:1: (W122) setting read-only field 'ComboPoints' of global 'ShadowUF'
    /home/openclaw/.openclaw/workspace/git-repos/ShadowedUnitFrames/modules/basecombopoints.lua:143:46: (W212) unused argument 'unit'

Total: 2 warnings / 0 errors in 1 file
Checking /home/openclaw/.openclaw/workspace/git-repos/ShadowedUnitFrames/modules/defaultlayout.lua 14 warnings

    /home/openclaw/.openclaw/workspace/git-repos/ShadowedUnitFrames/modules/defaultlayout.lua:2:7: (W211) unused variable 'playerClass'
    /home/openclaw/.openclaw/workspace/git-repos/ShadowedUnitFrames/modules/defaultlayout.lua:2:31: (W113) accessing undefined variable 'UnitClass'
    /home/openclaw/.openclaw/workspace/git-repos/ShadowedUnitFrames/modules/defaultlayout.lua:13:18: (W113) accessing undefined variable 'CopyTable'
    /home/openclaw/.openclaw/workspace/git-repos/ShadowedUnitFrames/modules/defaultlayout.lua:28:10: (W213) unused loop variable 'subKey'
    /home/openclaw/.openclaw/workspace/git-repos/ShadowedUnitFrames/modules/defaultlayout.lua:51:6: (W122) indirectly setting read-only field 'db.profile.positions.?' of global 'ShadowUF'
    /home/openclaw/.openclaw/workspace/git-repos/ShadowedUnitFrames/modules/defaultlayout.lua:57:2: (W122) indirectly setting read-only field 'db.profile.loadedLayout' of global 'ShadowUF'
    /home/openclaw/.openclaw/workspace/git-repos/ShadowedUnitFrames/modules/defaultlayout.lua:64:4: (W122) indirectly setting read-only field 'db.profile.?' of global 'ShadowUF'
    /home/openclaw/.openclaw/workspace/git-repos/ShadowedUnitFrames/modules/defaultlayout.lua:70:6: (W122) indirectly setting read-only field 'db.profile.?' of global 'ShadowUF'
    /home/openclaw/.openclaw/workspace/git-repos/ShadowedUnitFrames/modules/defaultlayout.lua:74:8: (W122) indirectly setting read-only field 'db.profile.?.?' of global 'ShadowUF'
    /home/openclaw/.openclaw/workspace/git-repos/ShadowedUnitFrames/modules/defaultlayout.lua:83:10: (W122) setting read-only field 'LoadDefaultLayout' of global 'ShadowUF'
    /home/openclaw/.openclaw/workspace/git-repos/ShadowedUnitFrames/modules/defaultlayout.lua:83:18: (W212) unused argument 'self'
    /home/openclaw/.openclaw/workspace/git-repos/ShadowedUnitFrames/modules/defaultlayout.lua:119:6: (W113) accessing undefined variable 'GetLocale'
    /home/openclaw/.openclaw/workspace/git-repos/ShadowedUnitFrames/modules/defaultlayout.lua:119:31: (W113) accessing undefined variable 'GetLocale'
    /home/openclaw/.openclaw/workspace/git-repos/ShadowedUnitFrames/modules/defaultlayout.lua:119:56: (W113) accessing undefined variable 'GetLocale'

Total: 14 warnings / 0 errors in 1 file
Checking /home/openclaw/.openclaw/workspace/git-repos/ShadowedUnitFrames/modules/health.lua 20 warnings

    /home/openclaw/.openclaw/workspace/git-repos/ShadowedUnitFrames/modules/health.lua:11:8: (W311) value assigned to variable 'sR' is unused
    /home/openclaw/.openclaw/workspace/git-repos/ShadowedUnitFrames/modules/health.lua:11:12: (W311) value assigned to variable 'sG' is unused
    /home/openclaw/.openclaw/workspace/git-repos/ShadowedUnitFrames/modules/health.lua:11:16: (W311) value assigned to variable 'sB' is unused
    /home/openclaw/.openclaw/workspace/git-repos/ShadowedUnitFrames/modules/health.lua:11:20: (W311) value assigned to variable 'eR' is unused
    /home/openclaw/.openclaw/workspace/git-repos/ShadowedUnitFrames/modules/health.lua:11:24: (W311) value assigned to variable 'eG' is unused
    /home/openclaw/.openclaw/workspace/git-repos/ShadowedUnitFrames/modules/health.lua:11:28: (W311) value assigned to variable 'eB' is unused
    /home/openclaw/.openclaw/workspace/git-repos/ShadowedUnitFrames/modules/health.lua:12:18: (W311) value assigned to variable 'inverseModifier' is overwritten on line 23 before use
    /home/openclaw/.openclaw/workspace/git-repos/ShadowedUnitFrames/modules/health.lua:80:16: (W212) unused argument 'self'
    /home/openclaw/.openclaw/workspace/git-repos/ShadowedUnitFrames/modules/health.lua:88:10: (W113) accessing undefined variable 'UnitIsConnected'
    /home/openclaw/.openclaw/workspace/git-repos/ShadowedUnitFrames/modules/health.lua:93:11: (W113) accessing undefined variable 'DebuffTypeColor'
    /home/openclaw/.openclaw/workspace/git-repos/ShadowedUnitFrames/modules/health.lua:94:77: (W113) accessing undefined variable 'UnitThreatSituation'
    /home/openclaw/.openclaw/workspace/git-repos/ShadowedUnitFrames/modules/health.lua:99:45: (W113) accessing undefined variable 'UnitIsTapDenied'
    /home/openclaw/.openclaw/workspace/git-repos/ShadowedUnitFrames/modules/health.lua:99:71: (W113) accessing undefined variable 'UnitCanAttack'
    /home/openclaw/.openclaw/workspace/git-repos/ShadowedUnitFrames/modules/health.lua:101:14: (W113) accessing undefined variable 'UnitPlayerOrPetInRaid'
    /home/openclaw/.openclaw/workspace/git-repos/ShadowedUnitFrames/modules/health.lua:101:50: (W113) accessing undefined variable 'UnitPlayerOrPetInParty'
    /home/openclaw/.openclaw/workspace/git-repos/ShadowedUnitFrames/modules/health.lua:103:8: (W113) accessing undefined variable 'UnitCanAttack'
    /home/openclaw/.openclaw/workspace/git-repos/ShadowedUnitFrames/modules/health.lua:122:27: (W113) accessing undefined variable 'UnitClass'
    /home/openclaw/.openclaw/workspace/git-repos/ShadowedUnitFrames/modules/health.lua:135:28: (W113) accessing undefined variable 'UnitClass'
    /home/openclaw/.openclaw/workspace/git-repos/ShadowedUnitFrames/modules/health.lua:151:24: (W113) accessing undefined variable 'UnitIsConnected'
    /home/openclaw/.openclaw/workspace/git-repos/ShadowedUnitFrames/modules/health.lua:152:17: (W113) accessing undefined variable 'UnitIsDeadOrGhost'

Total: 20 warnings / 0 errors in 1 file
Checking /home/openclaw/.openclaw/workspace/git-repos/ShadowedUnitFrames/modules/helpers.lua 9 warnings

    /home/openclaw/.openclaw/workspace/git-repos/ShadowedUnitFrames/modules/helpers.lua:3:21: (W212) unused argument 'self'
    /home/openclaw/.openclaw/workspace/git-repos/ShadowedUnitFrames/modules/helpers.lua:4:2: (W122) setting read-only field 'Tags.customEvents.?' of global 'ShadowUF'
    /home/openclaw/.openclaw/workspace/git-repos/ShadowedUnitFrames/modules/helpers.lua:9:21: (W212) unused argument 'self'
    /home/openclaw/.openclaw/workspace/git-repos/ShadowedUnitFrames/modules/helpers.lua:9:32: (W212) unused argument 'frame'
    /home/openclaw/.openclaw/workspace/git-repos/ShadowedUnitFrames/modules/helpers.lua:13:21: (W212) unused argument 'self'
    /home/openclaw/.openclaw/workspace/git-repos/ShadowedUnitFrames/modules/helpers.lua:13:33: (W212) unused argument 'frame'
    /home/openclaw/.openclaw/workspace/git-repos/ShadowedUnitFrames/modules/helpers.lua:18:1: (W122) setting read-only field 'BlockTimers' of global 'ShadowUF'
    /home/openclaw/.openclaw/workspace/git-repos/ShadowedUnitFrames/modules/helpers.lua:22:23: (W212) unused argument 'self'
    /home/openclaw/.openclaw/workspace/git-repos/ShadowedUnitFrames/modules/helpers.lua:33:1: (W122) setting read-only field 'DynamicBlocks' of global 'ShadowUF'

Total: 9 warnings / 0 errors in 1 file
Checking /home/openclaw/.openclaw/workspace/git-repos/ShadowedUnitFrames/modules/layout.lua 17 warnings

    /home/openclaw/.openclaw/workspace/git-repos/ShadowedUnitFrames/modules/layout.lua:7:1: (W122) setting read-only field 'Layout' of global 'ShadowUF'
    /home/openclaw/.openclaw/workspace/git-repos/ShadowedUnitFrames/modules/layout.lua:48:16: (W212) unused argument 'self'
    /home/openclaw/.openclaw/workspace/git-repos/ShadowedUnitFrames/modules/layout.lua:58:33: (W212) unused argument 'event'
    /home/openclaw/.openclaw/workspace/git-repos/ShadowedUnitFrames/modules/layout.lua:68:16: (W212) unused argument 'self'
    /home/openclaw/.openclaw/workspace/git-repos/ShadowedUnitFrames/modules/layout.lua:76:16: (W212) unused argument 'self'
    /home/openclaw/.openclaw/workspace/git-repos/ShadowedUnitFrames/modules/layout.lua:195:16: (W212) unused argument 'self'
    /home/openclaw/.openclaw/workspace/git-repos/ShadowedUnitFrames/modules/layout.lua:208:16: (W212) unused argument 'self'
    /home/openclaw/.openclaw/workspace/git-repos/ShadowedUnitFrames/modules/layout.lua:212:16: (W212) unused argument 'self'
    /home/openclaw/.openclaw/workspace/git-repos/ShadowedUnitFrames/modules/layout.lua:216:16: (W212) unused argument 'self'
    /home/openclaw/.openclaw/workspace/git-repos/ShadowedUnitFrames/modules/layout.lua:220:16: (W212) unused argument 'self'
    /home/openclaw/.openclaw/workspace/git-repos/ShadowedUnitFrames/modules/layout.lua:224:16: (W212) unused argument 'self'
    /home/openclaw/.openclaw/workspace/git-repos/ShadowedUnitFrames/modules/layout.lua:229:16: (W212) unused argument 'self'
    /home/openclaw/.openclaw/workspace/git-repos/ShadowedUnitFrames/modules/layout.lua:251:16: (W212) unused argument 'self'
    /home/openclaw/.openclaw/workspace/git-repos/ShadowedUnitFrames/modules/layout.lua:329:10: (W113) accessing undefined variable 'InCombatLockdown'
    /home/openclaw/.openclaw/workspace/git-repos/ShadowedUnitFrames/modules/layout.lua:405:16: (W212) unused argument 'self'
    /home/openclaw/.openclaw/workspace/git-repos/ShadowedUnitFrames/modules/layout.lua:471:18: (W213) unused loop variable 'block'
    /home/openclaw/.openclaw/workspace/git-repos/ShadowedUnitFrames/modules/layout.lua:562:6: (W213) unused loop variable 'id'

Total: 17 warnings / 0 errors in 1 file
Checking /home/openclaw/.openclaw/workspace/git-repos/ShadowedUnitFrames/modules/movers.lua 71 warnings

    /home/openclaw/.openclaw/workspace/git-repos/ShadowedUnitFrames/modules/movers.lua:7:7: (W211) unused variable 'playerClass'
    /home/openclaw/.openclaw/workspace/git-repos/ShadowedUnitFrames/modules/movers.lua:7:31: (W113) accessing undefined variable 'UnitClass'
    /home/openclaw/.openclaw/workspace/git-repos/ShadowedUnitFrames/modules/movers.lua:8:7: (W211) unused function 'noop'
    /home/openclaw/.openclaw/workspace/git-repos/ShadowedUnitFrames/modules/movers.lua:23:28: (W212) unused argument 'unit'
    /home/openclaw/.openclaw/workspace/git-repos/ShadowedUnitFrames/modules/movers.lua:24:38: (W113) accessing undefined variable 'MAX_COMBO_POINTS'
    /home/openclaw/.openclaw/workspace/git-repos/ShadowedUnitFrames/modules/movers.lua:27:25: (W212) unused argument 'unitA'
    /home/openclaw/.openclaw/workspace/git-repos/ShadowedUnitFrames/modules/movers.lua:28:32: (W212) unused argument 'unit'
    /home/openclaw/.openclaw/workspace/git-repos/ShadowedUnitFrames/modules/movers.lua:29:30: (W212) unused argument 'unit'
    /home/openclaw/.openclaw/workspace/git-repos/ShadowedUnitFrames/modules/movers.lua:30:24: (W212) unused argument 'unit'
    /home/openclaw/.openclaw/workspace/git-repos/ShadowedUnitFrames/modules/movers.lua:30:37: (W113) accessing undefined variable 'GetMaxLevelForPlayerExpansion'
    /home/openclaw/.openclaw/workspace/git-repos/ShadowedUnitFrames/modules/movers.lua:37:62: (W113) accessing undefined variable 'PET_TYPE_SUFFIX'
    /home/openclaw/.openclaw/workspace/git-repos/ShadowedUnitFrames/modules/movers.lua:43:28: (W212) unused argument 'unit'
    /home/openclaw/.openclaw/workspace/git-repos/ShadowedUnitFrames/modules/movers.lua:45:21: (W113) accessing undefined variable 'Enum'
    /home/openclaw/.openclaw/workspace/git-repos/ShadowedUnitFrames/modules/movers.lua:45:62: (W113) accessing undefined variable 'Enum'
    /home/openclaw/.openclaw/workspace/git-repos/ShadowedUnitFrames/modules/movers.lua:45:104: (W113) accessing undefined variable 'Enum'
    /home/openclaw/.openclaw/workspace/git-repos/ShadowedUnitFrames/modules/movers.lua:47:25: (W113) accessing undefined variable 'Enum'
    /home/openclaw/.openclaw/workspace/git-repos/ShadowedUnitFrames/modules/movers.lua:62:27: (W212) unused argument 'unit'
    /home/openclaw/.openclaw/workspace/git-repos/ShadowedUnitFrames/modules/movers.lua:63:21: (W113) accessing undefined variable 'Enum'
    /home/openclaw/.openclaw/workspace/git-repos/ShadowedUnitFrames/modules/movers.lua:63:57: (W113) accessing undefined variable 'Enum'
    /home/openclaw/.openclaw/workspace/git-repos/ShadowedUnitFrames/modules/movers.lua:63:95: (W113) accessing undefined variable 'Enum'
    /home/openclaw/.openclaw/workspace/git-repos/ShadowedUnitFrames/modules/movers.lua:64:21: (W113) accessing undefined variable 'Enum'
    /home/openclaw/.openclaw/workspace/git-repos/ShadowedUnitFrames/modules/movers.lua:64:63: (W113) accessing undefined variable 'Enum'
    /home/openclaw/.openclaw/workspace/git-repos/ShadowedUnitFrames/modules/movers.lua:64:104: (W113) accessing undefined variable 'Enum'
    /home/openclaw/.openclaw/workspace/git-repos/ShadowedUnitFrames/modules/movers.lua:65:21: (W113) accessing undefined variable 'Enum'
    /home/openclaw/.openclaw/workspace/git-repos/ShadowedUnitFrames/modules/movers.lua:65:57: (W113) accessing undefined variable 'Enum'
    /home/openclaw/.openclaw/workspace/git-repos/ShadowedUnitFrames/modules/movers.lua:67:25: (W113) accessing undefined variable 'Enum'
    /home/openclaw/.openclaw/workspace/git-repos/ShadowedUnitFrames/modules/movers.lua:69:25: (W113) accessing undefined variable 'Enum'
    /home/openclaw/.openclaw/workspace/git-repos/ShadowedUnitFrames/modules/movers.lua:69:68: (W113) accessing undefined variable 'Enum'
    /home/openclaw/.openclaw/workspace/git-repos/ShadowedUnitFrames/modules/movers.lua:69:110: (W113) accessing undefined variable 'Enum'
    /home/openclaw/.openclaw/workspace/git-repos/ShadowedUnitFrames/modules/movers.lua:70:25: (W113) accessing undefined variable 'Enum'
    /home/openclaw/.openclaw/workspace/git-repos/ShadowedUnitFrames/modules/movers.lua:70:60: (W113) accessing undefined variable 'Enum'
    /home/openclaw/.openclaw/workspace/git-repos/ShadowedUnitFrames/modules/movers.lua:72:25: (W113) accessing undefined variable 'Enum'
    /home/openclaw/.openclaw/workspace/git-repos/ShadowedUnitFrames/modules/movers.lua:74:25: (W113) accessing undefined variable 'Enum'
    /home/openclaw/.openclaw/workspace/git-repos/ShadowedUnitFrames/modules/movers.lua:80:42: (W212) unused argument 'unit'
    /home/openclaw/.openclaw/workspace/git-repos/ShadowedUnitFrames/modules/movers.lua:82:30: (W212) unused argument 'unit'
    /home/openclaw/.openclaw/workspace/git-repos/ShadowedUnitFrames/modules/movers.lua:83:25: (W212) unused argument 'unit'
    /home/openclaw/.openclaw/workspace/git-repos/ShadowedUnitFrames/modules/movers.lua:85:24: (W212) unused argument 'unit'
    /home/openclaw/.openclaw/workspace/git-repos/ShadowedUnitFrames/modules/movers.lua:86:24: (W212) unused argument 'unit'
    /home/openclaw/.openclaw/workspace/git-repos/ShadowedUnitFrames/modules/movers.lua:87:24: (W212) unused argument 'unit'
    /home/openclaw/.openclaw/workspace/git-repos/ShadowedUnitFrames/modules/movers.lua:88:31: (W212) unused argument 'unit'
    /home/openclaw/.openclaw/workspace/git-repos/ShadowedUnitFrames/modules/movers.lua:133:23: (W212) unused argument 'unit'
    /home/openclaw/.openclaw/workspace/git-repos/ShadowedUnitFrames/modules/movers.lua:150:51: (W113) accessing undefined variable 'CLASS_SORT_ORDER'
    /home/openclaw/.openclaw/workspace/git-repos/ShadowedUnitFrames/modules/movers.lua:150:85: (W113) accessing undefined variable 'CLASS_SORT_ORDER'
    /home/openclaw/.openclaw/workspace/git-repos/ShadowedUnitFrames/modules/movers.lua:151:11: (W113) accessing undefined variable 'LOCALIZED_CLASS_NAMES_MALE'
    /home/openclaw/.openclaw/workspace/git-repos/ShadowedUnitFrames/modules/movers.lua:155:25: (W212) unused argument 'tbl'
    /home/openclaw/.openclaw/workspace/git-repos/ShadowedUnitFrames/modules/movers.lua:164:4: (W122) setting read-only field 'Units.frameList.?' of global 'ShadowUF'
    /home/openclaw/.openclaw/workspace/git-repos/ShadowedUnitFrames/modules/movers.lua:175:2: (W113) accessing undefined variable 'GameTooltip'
    /home/openclaw/.openclaw/workspace/git-repos/ShadowedUnitFrames/modules/movers.lua:176:2: (W113) accessing undefined variable 'GameTooltip'
    /home/openclaw/.openclaw/workspace/git-repos/ShadowedUnitFrames/modules/movers.lua:177:28: (W113) accessing undefined variable 'GameTooltip'
    /home/openclaw/.openclaw/workspace/git-repos/ShadowedUnitFrames/modules/movers.lua:178:2: (W113) accessing undefined variable 'GameTooltip'
    /home/openclaw/.openclaw/workspace/git-repos/ShadowedUnitFrames/modules/movers.lua:181:24: (W212) unused argument 'self'
    /home/openclaw/.openclaw/workspace/git-repos/ShadowedUnitFrames/modules/movers.lua:182:2: (W113) accessing undefined variable 'GameTooltip'
    /home/openclaw/.openclaw/workspace/git-repos/ShadowedUnitFrames/modules/movers.lua:185:27: (W212) unused argument 'childrenOnly'
    /home/openclaw/.openclaw/workspace/git-repos/ShadowedUnitFrames/modules/movers.lua:190:5: (W113) accessing undefined variable 'RegisterUnitWatch'
    /home/openclaw/.openclaw/workspace/git-repos/ShadowedUnitFrames/modules/movers.lua:195:5: (W113) accessing undefined variable 'UnregisterUnitWatch'
    /home/openclaw/.openclaw/workspace/git-repos/ShadowedUnitFrames/modules/movers.lua:233:4: (W113) accessing undefined variable 'UnregisterUnitWatch'
    /home/openclaw/.openclaw/workspace/git-repos/ShadowedUnitFrames/modules/movers.lua:244:12: (W213) unused loop variable 'zone'
    /home/openclaw/.openclaw/workspace/git-repos/ShadowedUnitFrames/modules/movers.lua:356:54: (W113) accessing undefined variable 'SecureButton_GetModifiedUnit'
    /home/openclaw/.openclaw/workspace/git-repos/ShadowedUnitFrames/modules/movers.lua:360:4: (W113) accessing undefined variable 'RegisterUnitWatch'
    /home/openclaw/.openclaw/workspace/git-repos/ShadowedUnitFrames/modules/movers.lua:438:3: (W122) indirectly setting read-only field 'db.profile.positions.?.bottom' of global 'ShadowUF'
    /home/openclaw/.openclaw/workspace/git-repos/ShadowedUnitFrames/modules/movers.lua:439:3: (W122) indirectly setting read-only field 'db.profile.positions.?.top' of global 'ShadowUF'
    /home/openclaw/.openclaw/workspace/git-repos/ShadowedUnitFrames/modules/movers.lua:442:2: (W122) indirectly setting read-only field 'db.profile.positions.?.anchorTo' of global 'ShadowUF'
    /home/openclaw/.openclaw/workspace/git-repos/ShadowedUnitFrames/modules/movers.lua:443:2: (W122) indirectly setting read-only field 'db.profile.positions.?.movedAnchor' of global 'ShadowUF'
    /home/openclaw/.openclaw/workspace/git-repos/ShadowedUnitFrames/modules/movers.lua:444:2: (W122) indirectly setting read-only field 'db.profile.positions.?.anchorPoint' of global 'ShadowUF'
    /home/openclaw/.openclaw/workspace/git-repos/ShadowedUnitFrames/modules/movers.lua:445:2: (W122) indirectly setting read-only field 'db.profile.positions.?.point' of global 'ShadowUF'
    /home/openclaw/.openclaw/workspace/git-repos/ShadowedUnitFrames/modules/movers.lua:446:2: (W122) indirectly setting read-only field 'db.profile.positions.?.relativePoint' of global 'ShadowUF'
    /home/openclaw/.openclaw/workspace/git-repos/ShadowedUnitFrames/modules/movers.lua:447:2: (W122) indirectly setting read-only field 'db.profile.positions.?.x' of global 'ShadowUF'
    /home/openclaw/.openclaw/workspace/git-repos/ShadowedUnitFrames/modules/movers.lua:448:2: (W122) indirectly setting read-only field 'db.profile.positions.?.y' of global 'ShadowUF'
    /home/openclaw/.openclaw/workspace/git-repos/ShadowedUnitFrames/modules/movers.lua:476:52: (W113) accessing undefined variable 'BackdropTemplateMixin'
    /home/openclaw/.openclaw/workspace/git-repos/ShadowedUnitFrames/modules/movers.lua:486:4: (W122) setting read-only field 'db.profile.locked' of global 'ShadowUF'
    /home/openclaw/.openclaw/workspace/git-repos/ShadowedUnitFrames/modules/movers.lua:532:3: (W122) setting read-only field 'db.profile.locked' of global 'ShadowUF'

Total: 71 warnings / 0 errors in 1 file
Checking /home/openclaw/.openclaw/workspace/git-repos/ShadowedUnitFrames/modules/power.lua 5 warnings

    /home/openclaw/.openclaw/workspace/git-repos/ShadowedUnitFrames/modules/power.lua:75:51: (W212) unused argument 'unit'
    /home/openclaw/.openclaw/workspace/git-repos/ShadowedUnitFrames/modules/power.lua:95:15: (W212) unused argument 'self'
    /home/openclaw/.openclaw/workspace/git-repos/ShadowedUnitFrames/modules/power.lua:95:37: (W212) unused argument 'unit'
    /home/openclaw/.openclaw/workspace/git-repos/ShadowedUnitFrames/modules/power.lua:101:26: (W113) accessing undefined variable 'UnitIsDeadOrGhost'
    /home/openclaw/.openclaw/workspace/git-repos/ShadowedUnitFrames/modules/power.lua:101:69: (W113) accessing undefined variable 'UnitIsConnected'

Total: 5 warnings / 0 errors in 1 file
Checking /home/openclaw/.openclaw/workspace/git-repos/ShadowedUnitFrames/modules/units.lua 74 warnings

    /home/openclaw/.openclaw/workspace/git-repos/ShadowedUnitFrames/modules/units.lua:9:31: (W113) accessing undefined variable 'UnitClass'
    /home/openclaw/.openclaw/workspace/git-repos/ShadowedUnitFrames/modules/units.lua:10:95: (W211) unused variable 'zoneUnits'
    /home/openclaw/.openclaw/workspace/git-repos/ShadowedUnitFrames/modules/units.lua:14:1: (W122) setting read-only field 'Units' of global 'ShadowUF'
    /home/openclaw/.openclaw/workspace/git-repos/ShadowedUnitFrames/modules/units.lua:48:4: (W512) loop is executed at most once
    /home/openclaw/.openclaw/workspace/git-repos/ShadowedUnitFrames/modules/units.lua:48:8: (W213) unused loop variable 'handler'
    /home/openclaw/.openclaw/workspace/git-repos/ShadowedUnitFrames/modules/units.lua:100:3: (W512) loop is executed at most once
    /home/openclaw/.openclaw/workspace/git-repos/ShadowedUnitFrames/modules/units.lua:100:7: (W213) unused loop variable '_handler'
    /home/openclaw/.openclaw/workspace/git-repos/ShadowedUnitFrames/modules/units.lua:158:4: (W512) loop is executed at most once
    /home/openclaw/.openclaw/workspace/git-repos/ShadowedUnitFrames/modules/units.lua:158:8: (W213) unused loop variable '_handler'
    /home/openclaw/.openclaw/workspace/git-repos/ShadowedUnitFrames/modules/units.lua:249:21: (W113) accessing undefined variable 'GetSpecialization'
    /home/openclaw/.openclaw/workspace/git-repos/ShadowedUnitFrames/modules/units.lua:321:37: (W113) accessing undefined variable 'UnitHasVehicleUI'
    /home/openclaw/.openclaw/workspace/git-repos/ShadowedUnitFrames/modules/units.lua:321:77: (W113) accessing undefined variable 'UnitHasVehiclePlayerFrameUI'
    /home/openclaw/.openclaw/workspace/git-repos/ShadowedUnitFrames/modules/units.lua:331:11: (W113) accessing undefined variable 'UnitIsConnected'
    /home/openclaw/.openclaw/workspace/git-repos/ShadowedUnitFrames/modules/units.lua:343:15: (W212) unused argument 'self'
    /home/openclaw/.openclaw/workspace/git-repos/ShadowedUnitFrames/modules/units.lua:347:83: (W113) accessing undefined variable 'UnitHasVehicleUI'
    /home/openclaw/.openclaw/workspace/git-repos/ShadowedUnitFrames/modules/units.lua:347:121: (W113) accessing undefined variable 'UnitHasVehiclePlayerFrameUI'
    /home/openclaw/.openclaw/workspace/git-repos/ShadowedUnitFrames/modules/units.lua:351:11: (W113) accessing undefined variable 'UnitIsConnected'
    /home/openclaw/.openclaw/workspace/git-repos/ShadowedUnitFrames/modules/units.lua:361:36: (W113) accessing undefined variable 'UnitHasVehicleUI'
    /home/openclaw/.openclaw/workspace/git-repos/ShadowedUnitFrames/modules/units.lua:361:77: (W113) accessing undefined variable 'UnitHasVehiclePlayerFrameUI'
    /home/openclaw/.openclaw/workspace/git-repos/ShadowedUnitFrames/modules/units.lua:370:15: (W212) unused argument 'self'
    /home/openclaw/.openclaw/workspace/git-repos/ShadowedUnitFrames/modules/units.lua:383:15: (W212) unused argument 'self'
    /home/openclaw/.openclaw/workspace/git-repos/ShadowedUnitFrames/modules/units.lua:383:43: (W212) unused argument 'event'
    /home/openclaw/.openclaw/workspace/git-repos/ShadowedUnitFrames/modules/units.lua:393:15: (W212) unused argument 'self'
    /home/openclaw/.openclaw/workspace/git-repos/ShadowedUnitFrames/modules/units.lua:423:38: (W113) accessing undefined variable 'SecureButton_GetModifiedUnit'
    /home/openclaw/.openclaw/workspace/git-repos/ShadowedUnitFrames/modules/units.lua:486:3: (W111) setting non-standard global variable 'ClickCastFrames'
    /home/openclaw/.openclaw/workspace/git-repos/ShadowedUnitFrames/modules/units.lua:486:21: (W113) accessing undefined variable 'ClickCastFrames'
    /home/openclaw/.openclaw/workspace/git-repos/ShadowedUnitFrames/modules/units.lua:487:3: (W112) mutating non-standard global variable 'ClickCastFrames'
    /home/openclaw/.openclaw/workspace/git-repos/ShadowedUnitFrames/modules/units.lua:513:7: (W113) accessing undefined variable 'UnitHasVehicleUI'
    /home/openclaw/.openclaw/workspace/git-repos/ShadowedUnitFrames/modules/units.lua:513:48: (W113) accessing undefined variable 'UnitHasVehiclePlayerFrameUI'
    /home/openclaw/.openclaw/workspace/git-repos/ShadowedUnitFrames/modules/units.lua:547:10: (W113) accessing undefined variable 'InCombatLockdown'
    /home/openclaw/.openclaw/workspace/git-repos/ShadowedUnitFrames/modules/units.lua:646:28: (W113) accessing undefined variable 'ClickCastHeader'
    /home/openclaw/.openclaw/workspace/git-repos/ShadowedUnitFrames/modules/units.lua:672:51: (W113) accessing undefined variable 'InCombatLockdown'
    /home/openclaw/.openclaw/workspace/git-repos/ShadowedUnitFrames/modules/units.lua:673:10: (W113) accessing undefined variable 'GameTooltip'
    /home/openclaw/.openclaw/workspace/git-repos/ShadowedUnitFrames/modules/units.lua:674:4: (W113) accessing undefined variable 'UnitFrame_OnEnter'
    /home/openclaw/.openclaw/workspace/git-repos/ShadowedUnitFrames/modules/units.lua:680:9: (W113) accessing undefined variable 'GameTooltip'
    /home/openclaw/.openclaw/workspace/git-repos/ShadowedUnitFrames/modules/units.lua:681:3: (W113) accessing undefined variable 'UnitFrame_OnLeave'
    /home/openclaw/.openclaw/workspace/git-repos/ShadowedUnitFrames/modules/units.lua:687:20: (W113) accessing undefined variable 'UnitClass'
    /home/openclaw/.openclaw/workspace/git-repos/ShadowedUnitFrames/modules/units.lua:691:17: (W113) accessing undefined variable 'GetArenaOpponentSpec'
    /home/openclaw/.openclaw/workspace/git-repos/ShadowedUnitFrames/modules/units.lua:692:30: (W113) accessing undefined variable 'GetSpecializationInfoByID'
    /home/openclaw/.openclaw/workspace/git-repos/ShadowedUnitFrames/modules/units.lua:695:15: (W212) unused argument 'self'
    /home/openclaw/.openclaw/workspace/git-repos/ShadowedUnitFrames/modules/units.lua:733:10: (W113) accessing undefined variable 'InCombatLockdown'
    /home/openclaw/.openclaw/workspace/git-repos/ShadowedUnitFrames/modules/units.lua:762:15: (W212) unused argument 'self'
    /home/openclaw/.openclaw/workspace/git-repos/ShadowedUnitFrames/modules/units.lua:772:10: (W213) unused loop variable 'child'
    /home/openclaw/.openclaw/workspace/git-repos/ShadowedUnitFrames/modules/units.lua:783:15: (W212) unused argument 'self'
    /home/openclaw/.openclaw/workspace/git-repos/ShadowedUnitFrames/modules/units.lua:802:87: (W113) accessing undefined variable 'MEMBERS_PER_RAID_GROUP'
    /home/openclaw/.openclaw/workspace/git-repos/ShadowedUnitFrames/modules/units.lua:803:88: (W113) accessing undefined variable 'MEMBERS_PER_RAID_GROUP'
    /home/openclaw/.openclaw/workspace/git-repos/ShadowedUnitFrames/modules/units.lua:928:7: (W213) unused loop variable 'id'
    /home/openclaw/.openclaw/workspace/git-repos/ShadowedUnitFrames/modules/units.lua:933:10: (W113) accessing undefined variable 'InCombatLockdown'
    /home/openclaw/.openclaw/workspace/git-repos/ShadowedUnitFrames/modules/units.lua:960:3: (W113) accessing undefined variable 'RegisterUnitWatch'
    /home/openclaw/.openclaw/workspace/git-repos/ShadowedUnitFrames/modules/units.lua:969:2: (W113) accessing undefined variable 'RegisterUnitWatch'
    /home/openclaw/.openclaw/workspace/git-repos/ShadowedUnitFrames/modules/units.lua:1035:9: (W113) accessing undefined variable 'ClickCastHeader'
    /home/openclaw/.openclaw/workspace/git-repos/ShadowedUnitFrames/modules/units.lua:1037:6: (W113) accessing undefined variable 'SecureHandler_OnLoad'
    /home/openclaw/.openclaw/workspace/git-repos/ShadowedUnitFrames/modules/units.lua:1038:44: (W113) accessing undefined variable 'ClickCastHeader'
    /home/openclaw/.openclaw/workspace/git-repos/ShadowedUnitFrames/modules/units.lua:1110:6: (W113) accessing undefined variable 'ClickCastHeader'
    /home/openclaw/.openclaw/workspace/git-repos/ShadowedUnitFrames/modules/units.lua:1112:3: (W113) accessing undefined variable 'SecureHandler_OnLoad'
    /home/openclaw/.openclaw/workspace/git-repos/ShadowedUnitFrames/modules/units.lua:1113:47: (W113) accessing undefined variable 'ClickCastHeader'
    /home/openclaw/.openclaw/workspace/git-repos/ShadowedUnitFrames/modules/units.lua:1162:4: (W113) accessing undefined variable 'RegisterUnitWatch'
    /home/openclaw/.openclaw/workspace/git-repos/ShadowedUnitFrames/modules/units.lua:1240:3: (W113) accessing undefined variable 'RegisterUnitWatch'
    /home/openclaw/.openclaw/workspace/git-repos/ShadowedUnitFrames/modules/units.lua:1280:6: (W113) accessing undefined variable 'InCombatLockdown'
    /home/openclaw/.openclaw/workspace/git-repos/ShadowedUnitFrames/modules/units.lua:1290:5: (W113) accessing undefined variable 'RegisterUnitWatch'
    /home/openclaw/.openclaw/workspace/git-repos/ShadowedUnitFrames/modules/units.lua:1316:36: (W113) accessing undefined variable 'SecureButton_GetModifiedUnit'
    /home/openclaw/.openclaw/workspace/git-repos/ShadowedUnitFrames/modules/units.lua:1319:2: (W113) accessing undefined variable 'RegisterUnitWatch'
    /home/openclaw/.openclaw/workspace/git-repos/ShadowedUnitFrames/modules/units.lua:1371:6: (W113) accessing undefined variable 'UnregisterUnitWatch'
    /home/openclaw/.openclaw/workspace/git-repos/ShadowedUnitFrames/modules/units.lua:1382:5: (W113) accessing undefined variable 'UnregisterUnitWatch'
    /home/openclaw/.openclaw/workspace/git-repos/ShadowedUnitFrames/modules/units.lua:1424:15: (W212) unused argument 'self'
    /home/openclaw/.openclaw/workspace/git-repos/ShadowedUnitFrames/modules/units.lua:1439:15: (W212) unused argument 'self'
    /home/openclaw/.openclaw/workspace/git-repos/ShadowedUnitFrames/modules/units.lua:1440:32: (W113) accessing undefined variable 'InCombatLockdown'
    /home/openclaw/.openclaw/workspace/git-repos/ShadowedUnitFrames/modules/units.lua:1442:16: (W113) accessing undefined variable 'GetNumArenaOpponentSpecs'
    /home/openclaw/.openclaw/workspace/git-repos/ShadowedUnitFrames/modules/units.lua:1455:15: (W212) unused argument 'self'
    /home/openclaw/.openclaw/workspace/git-repos/ShadowedUnitFrames/modules/units.lua:1456:6: (W113) accessing undefined variable 'InCombatLockdown'
    /home/openclaw/.openclaw/workspace/git-repos/ShadowedUnitFrames/modules/units.lua:1506:7: (W113) accessing undefined variable 'IsPlayerSpell'
    /home/openclaw/.openclaw/workspace/git-repos/ShadowedUnitFrames/modules/units.lua:1506:33: (W113) accessing undefined variable 'IsSpellKnown'
    /home/openclaw/.openclaw/workspace/git-repos/ShadowedUnitFrames/modules/units.lua:1522:57: (W212) unused argument 'unit'
    /home/openclaw/.openclaw/workspace/git-repos/ShadowedUnitFrames/modules/units.lua:1527:7: (W113) accessing undefined variable 'UnitIsDeadOrGhost'

Total: 74 warnings / 0 errors in 1 file
Checking /home/openclaw/.openclaw/workspace/git-repos/ShadowedUnitFrames/modules/basecombopoints.lua 2 warnings

    /home/openclaw/.openclaw/workspace/git-repos/ShadowedUnitFrames/modules/basecombopoints.lua:2:1: (W122) setting read-only field 'ComboPoints' of global 'ShadowUF'
    /home/openclaw/.openclaw/workspace/git-repos/ShadowedUnitFrames/modules/basecombopoints.lua:143:46: (W212) unused argument 'unit'

Total: 2 warnings / 0 errors in 1 file
Checking /home/openclaw/.openclaw/workspace/git-repos/ShadowedUnitFrames/modules/defaultlayout.lua 14 warnings

    /home/openclaw/.openclaw/workspace/git-repos/ShadowedUnitFrames/modules/defaultlayout.lua:2:7: (W211) unused variable 'playerClass'
    /home/openclaw/.openclaw/workspace/git-repos/ShadowedUnitFrames/modules/defaultlayout.lua:2:31: (W113) accessing undefined variable 'UnitClass'
    /home/openclaw/.openclaw/workspace/git-repos/ShadowedUnitFrames/modules/defaultlayout.lua:13:18: (W113) accessing undefined variable 'CopyTable'
    /home/openclaw/.openclaw/workspace/git-repos/ShadowedUnitFrames/modules/defaultlayout.lua:28:10: (W213) unused loop variable 'subKey'
    /home/openclaw/.openclaw/workspace/git-repos/ShadowedUnitFrames/modules/defaultlayout.lua:51:6: (W122) indirectly setting read-only field 'db.profile.positions.?' of global 'ShadowUF'
    /home/openclaw/.openclaw/workspace/git-repos/ShadowedUnitFrames/modules/defaultlayout.lua:57:2: (W122) indirectly setting read-only field 'db.profile.loadedLayout' of global 'ShadowUF'
    /home/openclaw/.openclaw/workspace/git-repos/ShadowedUnitFrames/modules/defaultlayout.lua:64:4: (W122) indirectly setting read-only field 'db.profile.?' of global 'ShadowUF'
    /home/openclaw/.openclaw/workspace/git-repos/ShadowedUnitFrames/modules/defaultlayout.lua:70:6: (W122) indirectly setting read-only field 'db.profile.?' of global 'ShadowUF'
    /home/openclaw/.openclaw/workspace/git-repos/ShadowedUnitFrames/modules/defaultlayout.lua:74:8: (W122) indirectly setting read-only field 'db.profile.?.?' of global 'ShadowUF'
    /home/openclaw/.openclaw/workspace/git-repos/ShadowedUnitFrames/modules/defaultlayout.lua:83:10: (W122) setting read-only field 'LoadDefaultLayout' of global 'ShadowUF'
    /home/openclaw/.openclaw/workspace/git-repos/ShadowedUnitFrames/modules/defaultlayout.lua:83:18: (W212) unused argument 'self'
    /home/openclaw/.openclaw/workspace/git-repos/ShadowedUnitFrames/modules/defaultlayout.lua:119:6: (W113) accessing undefined variable 'GetLocale'
    /home/openclaw/.openclaw/workspace/git-repos/ShadowedUnitFrames/modules/defaultlayout.lua:119:31: (W113) accessing undefined variable 'GetLocale'
    /home/openclaw/.openclaw/workspace/git-repos/ShadowedUnitFrames/modules/defaultlayout.lua:119:56: (W113) accessing undefined variable 'GetLocale'

Total: 14 warnings / 0 errors in 1 file
Checking /home/openclaw/.openclaw/workspace/git-repos/ShadowedUnitFrames/modules/health.lua 19 warnings

    /home/openclaw/.openclaw/workspace/git-repos/ShadowedUnitFrames/modules/health.lua:11:8: (W311) value assigned to variable 'sR' is unused
    /home/openclaw/.openclaw/workspace/git-repos/ShadowedUnitFrames/modules/health.lua:11:12: (W311) value assigned to variable 'sG' is unused
    /home/openclaw/.openclaw/workspace/git-repos/ShadowedUnitFrames/modules/health.lua:11:16: (W311) value assigned to variable 'sB' is unused
    /home/openclaw/.openclaw/workspace/git-repos/ShadowedUnitFrames/modules/health.lua:11:20: (W311) value assigned to variable 'eR' is unused
    /home/openclaw/.openclaw/workspace/git-repos/ShadowedUnitFrames/modules/health.lua:11:24: (W311) value assigned to variable 'eG' is unused
    /home/openclaw/.openclaw/workspace/git-repos/ShadowedUnitFrames/modules/health.lua:11:28: (W311) value assigned to variable 'eB' is unused
    /home/openclaw/.openclaw/workspace/git-repos/ShadowedUnitFrames/modules/health.lua:12:18: (W311) value assigned to variable 'inverseModifier' is overwritten on line 23 before use
    /home/openclaw/.openclaw/workspace/git-repos/ShadowedUnitFrames/modules/health.lua:80:16: (W212) unused argument 'self'
    /home/openclaw/.openclaw/workspace/git-repos/ShadowedUnitFrames/modules/health.lua:88:10: (W113) accessing undefined variable 'UnitIsConnected'
    /home/openclaw/.openclaw/workspace/git-repos/ShadowedUnitFrames/modules/health.lua:93:11: (W113) accessing undefined variable 'DebuffTypeColor'
    /home/openclaw/.openclaw/workspace/git-repos/ShadowedUnitFrames/modules/health.lua:94:77: (W113) accessing undefined variable 'UnitThreatSituation'
    /home/openclaw/.openclaw/workspace/git-repos/ShadowedUnitFrames/modules/health.lua:99:45: (W113) accessing undefined variable 'UnitIsTapDenied'
    /home/openclaw/.openclaw/workspace/git-repos/ShadowedUnitFrames/modules/health.lua:99:71: (W113) accessing undefined variable 'UnitCanAttack'
    /home/openclaw/.openclaw/workspace/git-repos/ShadowedUnitFrames/modules/health.lua:101:14: (W113) accessing undefined variable 'UnitPlayerOrPetInRaid'
    /home/openclaw/.openclaw/workspace/git-repos/ShadowedUnitFrames/modules/health.lua:101:50: (W113) accessing undefined variable 'UnitPlayerOrPetInParty'
    /home/openclaw/.openclaw/workspace/git-repos/ShadowedUnitFrames/modules/health.lua:103:8: (W113) accessing undefined variable 'UnitCanAttack'
    /home/openclaw/.openclaw/workspace/git-repos/ShadowedUnitFrames/modules/health.lua:122:27: (W113) accessing undefined variable 'UnitClass'
    /home/openclaw/.openclaw/workspace/git-repos/ShadowedUnitFrames/modules/health.lua:135:28: (W113) accessing undefined variable 'UnitClass'
    /home/openclaw/.openclaw/workspace/git-repos/ShadowedUnitFrames/modules/health.lua:151:24: (W113) accessing undefined variable 'UnitIsConnected'

Total: 19 warnings / 0 errors in 1 file
Checking /home/openclaw/.openclaw/workspace/git-repos/ShadowedUnitFrames/modules/helpers.lua 9 warnings

    /home/openclaw/.openclaw/workspace/git-repos/ShadowedUnitFrames/modules/helpers.lua:3:21: (W212) unused argument 'self'
    /home/openclaw/.openclaw/workspace/git-repos/ShadowedUnitFrames/modules/helpers.lua:4:2: (W122) setting read-only field 'Tags.customEvents.?' of global 'ShadowUF'
    /home/openclaw/.openclaw/workspace/git-repos/ShadowedUnitFrames/modules/helpers.lua:9:21: (W212) unused argument 'self'
    /home/openclaw/.openclaw/workspace/git-repos/ShadowedUnitFrames/modules/helpers.lua:9:32: (W212) unused argument 'frame'
    /home/openclaw/.openclaw/workspace/git-repos/ShadowedUnitFrames/modules/helpers.lua:13:21: (W212) unused argument 'self'
    /home/openclaw/.openclaw/workspace/git-repos/ShadowedUnitFrames/modules/helpers.lua:13:33: (W212) unused argument 'frame'
    /home/openclaw/.openclaw/workspace/git-repos/ShadowedUnitFrames/modules/helpers.lua:18:1: (W122) setting read-only field 'BlockTimers' of global 'ShadowUF'
    /home/openclaw/.openclaw/workspace/git-repos/ShadowedUnitFrames/modules/helpers.lua:22:23: (W212) unused argument 'self'
    /home/openclaw/.openclaw/workspace/git-repos/ShadowedUnitFrames/modules/helpers.lua:33:1: (W122) setting read-only field 'DynamicBlocks' of global 'ShadowUF'

Total: 9 warnings / 0 errors in 1 file
Checking /home/openclaw/.openclaw/workspace/git-repos/ShadowedUnitFrames/modules/layout.lua 16 warnings

    /home/openclaw/.openclaw/workspace/git-repos/ShadowedUnitFrames/modules/layout.lua:7:1: (W122) setting read-only field 'Layout' of global 'ShadowUF'
    /home/openclaw/.openclaw/workspace/git-repos/ShadowedUnitFrames/modules/layout.lua:48:16: (W212) unused argument 'self'
    /home/openclaw/.openclaw/workspace/git-repos/ShadowedUnitFrames/modules/layout.lua:58:33: (W212) unused argument 'event'
    /home/openclaw/.openclaw/workspace/git-repos/ShadowedUnitFrames/modules/layout.lua:68:16: (W212) unused argument 'self'
    /home/openclaw/.openclaw/workspace/git-repos/ShadowedUnitFrames/modules/layout.lua:76:16: (W212) unused argument 'self'
    /home/openclaw/.openclaw/workspace/git-repos/ShadowedUnitFrames/modules/layout.lua:195:16: (W212) unused argument 'self'
    /home/openclaw/.openclaw/workspace/git-repos/ShadowedUnitFrames/modules/layout.lua:208:16: (W212) unused argument 'self'
    /home/openclaw/.openclaw/workspace/git-repos/ShadowedUnitFrames/modules/layout.lua:212:16: (W212) unused argument 'self'
    /home/openclaw/.openclaw/workspace/git-repos/ShadowedUnitFrames/modules/layout.lua:216:16: (W212) unused argument 'self'
    /home/openclaw/.openclaw/workspace/git-repos/ShadowedUnitFrames/modules/layout.lua:220:16: (W212) unused argument 'self'
    /home/openclaw/.openclaw/workspace/git-repos/ShadowedUnitFrames/modules/layout.lua:224:16: (W212) unused argument 'self'
    /home/openclaw/.openclaw/workspace/git-repos/ShadowedUnitFrames/modules/layout.lua:229:16: (W212) unused argument 'self'
    /home/openclaw/.openclaw/workspace/git-repos/ShadowedUnitFrames/modules/layout.lua:251:16: (W212) unused argument 'self'
    /home/openclaw/.openclaw/workspace/git-repos/ShadowedUnitFrames/modules/layout.lua:405:16: (W212) unused argument 'self'
    /home/openclaw/.openclaw/workspace/git-repos/ShadowedUnitFrames/modules/layout.lua:471:18: (W213) unused loop variable 'block'
    /home/openclaw/.openclaw/workspace/git-repos/ShadowedUnitFrames/modules/layout.lua:562:6: (W213) unused loop variable 'id'

Total: 16 warnings / 0 errors in 1 file
Checking /home/openclaw/.openclaw/workspace/git-repos/ShadowedUnitFrames/modules/movers.lua 67 warnings

    /home/openclaw/.openclaw/workspace/git-repos/ShadowedUnitFrames/modules/movers.lua:7:7: (W211) unused variable 'playerClass'
    /home/openclaw/.openclaw/workspace/git-repos/ShadowedUnitFrames/modules/movers.lua:7:31: (W113) accessing undefined variable 'UnitClass'
    /home/openclaw/.openclaw/workspace/git-repos/ShadowedUnitFrames/modules/movers.lua:8:7: (W211) unused function 'noop'
    /home/openclaw/.openclaw/workspace/git-repos/ShadowedUnitFrames/modules/movers.lua:23:28: (W212) unused argument 'unit'
    /home/openclaw/.openclaw/workspace/git-repos/ShadowedUnitFrames/modules/movers.lua:24:38: (W113) accessing undefined variable 'MAX_COMBO_POINTS'
    /home/openclaw/.openclaw/workspace/git-repos/ShadowedUnitFrames/modules/movers.lua:27:25: (W212) unused argument 'unitA'
    /home/openclaw/.openclaw/workspace/git-repos/ShadowedUnitFrames/modules/movers.lua:28:32: (W212) unused argument 'unit'
    /home/openclaw/.openclaw/workspace/git-repos/ShadowedUnitFrames/modules/movers.lua:29:30: (W212) unused argument 'unit'
    /home/openclaw/.openclaw/workspace/git-repos/ShadowedUnitFrames/modules/movers.lua:30:24: (W212) unused argument 'unit'
    /home/openclaw/.openclaw/workspace/git-repos/ShadowedUnitFrames/modules/movers.lua:30:37: (W113) accessing undefined variable 'GetMaxLevelForPlayerExpansion'
    /home/openclaw/.openclaw/workspace/git-repos/ShadowedUnitFrames/modules/movers.lua:37:62: (W113) accessing undefined variable 'PET_TYPE_SUFFIX'
    /home/openclaw/.openclaw/workspace/git-repos/ShadowedUnitFrames/modules/movers.lua:43:28: (W212) unused argument 'unit'
    /home/openclaw/.openclaw/workspace/git-repos/ShadowedUnitFrames/modules/movers.lua:45:21: (W113) accessing undefined variable 'Enum'
    /home/openclaw/.openclaw/workspace/git-repos/ShadowedUnitFrames/modules/movers.lua:45:62: (W113) accessing undefined variable 'Enum'
    /home/openclaw/.openclaw/workspace/git-repos/ShadowedUnitFrames/modules/movers.lua:45:104: (W113) accessing undefined variable 'Enum'
    /home/openclaw/.openclaw/workspace/git-repos/ShadowedUnitFrames/modules/movers.lua:47:25: (W113) accessing undefined variable 'Enum'
    /home/openclaw/.openclaw/workspace/git-repos/ShadowedUnitFrames/modules/movers.lua:62:27: (W212) unused argument 'unit'
    /home/openclaw/.openclaw/workspace/git-repos/ShadowedUnitFrames/modules/movers.lua:63:21: (W113) accessing undefined variable 'Enum'
    /home/openclaw/.openclaw/workspace/git-repos/ShadowedUnitFrames/modules/movers.lua:63:57: (W113) accessing undefined variable 'Enum'
    /home/openclaw/.openclaw/workspace/git-repos/ShadowedUnitFrames/modules/movers.lua:63:95: (W113) accessing undefined variable 'Enum'
    /home/openclaw/.openclaw/workspace/git-repos/ShadowedUnitFrames/modules/movers.lua:64:21: (W113) accessing undefined variable 'Enum'
    /home/openclaw/.openclaw/workspace/git-repos/ShadowedUnitFrames/modules/movers.lua:64:63: (W113) accessing undefined variable 'Enum'
    /home/openclaw/.openclaw/workspace/git-repos/ShadowedUnitFrames/modules/movers.lua:64:104: (W113) accessing undefined variable 'Enum'
    /home/openclaw/.openclaw/workspace/git-repos/ShadowedUnitFrames/modules/movers.lua:65:21: (W113) accessing undefined variable 'Enum'
    /home/openclaw/.openclaw/workspace/git-repos/ShadowedUnitFrames/modules/movers.lua:65:57: (W113) accessing undefined variable 'Enum'
    /home/openclaw/.openclaw/workspace/git-repos/ShadowedUnitFrames/modules/movers.lua:67:25: (W113) accessing undefined variable 'Enum'
    /home/openclaw/.openclaw/workspace/git-repos/ShadowedUnitFrames/modules/movers.lua:69:25: (W113) accessing undefined variable 'Enum'
    /home/openclaw/.openclaw/workspace/git-repos/ShadowedUnitFrames/modules/movers.lua:69:68: (W113) accessing undefined variable 'Enum'
    /home/openclaw/.openclaw/workspace/git-repos/ShadowedUnitFrames/modules/movers.lua:69:110: (W113) accessing undefined variable 'Enum'
    /home/openclaw/.openclaw/workspace/git-repos/ShadowedUnitFrames/modules/movers.lua:70:25: (W113) accessing undefined variable 'Enum'
    /home/openclaw/.openclaw/workspace/git-repos/ShadowedUnitFrames/modules/movers.lua:70:60: (W113) accessing undefined variable 'Enum'
    /home/openclaw/.openclaw/workspace/git-repos/ShadowedUnitFrames/modules/movers.lua:72:25: (W113) accessing undefined variable 'Enum'
    /home/openclaw/.openclaw/workspace/git-repos/ShadowedUnitFrames/modules/movers.lua:74:25: (W113) accessing undefined variable 'Enum'
    /home/openclaw/.openclaw/workspace/git-repos/ShadowedUnitFrames/modules/movers.lua:80:42: (W212) unused argument 'unit'
    /home/openclaw/.openclaw/workspace/git-repos/ShadowedUnitFrames/modules/movers.lua:82:30: (W212) unused argument 'unit'
    /home/openclaw/.openclaw/workspace/git-repos/ShadowedUnitFrames/modules/movers.lua:83:25: (W212) unused argument 'unit'
    /home/openclaw/.openclaw/workspace/git-repos/ShadowedUnitFrames/modules/movers.lua:85:24: (W212) unused argument 'unit'
    /home/openclaw/.openclaw/workspace/git-repos/ShadowedUnitFrames/modules/movers.lua:86:24: (W212) unused argument 'unit'
    /home/openclaw/.openclaw/workspace/git-repos/ShadowedUnitFrames/modules/movers.lua:87:24: (W212) unused argument 'unit'
    /home/openclaw/.openclaw/workspace/git-repos/ShadowedUnitFrames/modules/movers.lua:88:31: (W212) unused argument 'unit'
    /home/openclaw/.openclaw/workspace/git-repos/ShadowedUnitFrames/modules/movers.lua:133:23: (W212) unused argument 'unit'
    /home/openclaw/.openclaw/workspace/git-repos/ShadowedUnitFrames/modules/movers.lua:150:51: (W113) accessing undefined variable 'CLASS_SORT_ORDER'
    /home/openclaw/.openclaw/workspace/git-repos/ShadowedUnitFrames/modules/movers.lua:150:85: (W113) accessing undefined variable 'CLASS_SORT_ORDER'
    /home/openclaw/.openclaw/workspace/git-repos/ShadowedUnitFrames/modules/movers.lua:151:11: (W113) accessing undefined variable 'LOCALIZED_CLASS_NAMES_MALE'
    /home/openclaw/.openclaw/workspace/git-repos/ShadowedUnitFrames/modules/movers.lua:155:25: (W212) unused argument 'tbl'
    /home/openclaw/.openclaw/workspace/git-repos/ShadowedUnitFrames/modules/movers.lua:164:4: (W122) setting read-only field 'Units.frameList.?' of global 'ShadowUF'
    /home/openclaw/.openclaw/workspace/git-repos/ShadowedUnitFrames/modules/movers.lua:175:2: (W113) accessing undefined variable 'GameTooltip'
    /home/openclaw/.openclaw/workspace/git-repos/ShadowedUnitFrames/modules/movers.lua:176:2: (W113) accessing undefined variable 'GameTooltip'
    /home/openclaw/.openclaw/workspace/git-repos/ShadowedUnitFrames/modules/movers.lua:177:28: (W113) accessing undefined variable 'GameTooltip'
    /home/openclaw/.openclaw/workspace/git-repos/ShadowedUnitFrames/modules/movers.lua:178:2: (W113) accessing undefined variable 'GameTooltip'
    /home/openclaw/.openclaw/workspace/git-repos/ShadowedUnitFrames/modules/movers.lua:181:24: (W212) unused argument 'self'
    /home/openclaw/.openclaw/workspace/git-repos/ShadowedUnitFrames/modules/movers.lua:182:2: (W113) accessing undefined variable 'GameTooltip'
    /home/openclaw/.openclaw/workspace/git-repos/ShadowedUnitFrames/modules/movers.lua:185:27: (W212) unused argument 'childrenOnly'
    /home/openclaw/.openclaw/workspace/git-repos/ShadowedUnitFrames/modules/movers.lua:244:12: (W213) unused loop variable 'zone'
    /home/openclaw/.openclaw/workspace/git-repos/ShadowedUnitFrames/modules/movers.lua:356:54: (W113) accessing undefined variable 'SecureButton_GetModifiedUnit'
    /home/openclaw/.openclaw/workspace/git-repos/ShadowedUnitFrames/modules/movers.lua:438:3: (W122) indirectly setting read-only field 'db.profile.positions.?.bottom' of global 'ShadowUF'
    /home/openclaw/.openclaw/workspace/git-repos/ShadowedUnitFrames/modules/movers.lua:439:3: (W122) indirectly setting read-only field 'db.profile.positions.?.top' of global 'ShadowUF'
    /home/openclaw/.openclaw/workspace/git-repos/ShadowedUnitFrames/modules/movers.lua:442:2: (W122) indirectly setting read-only field 'db.profile.positions.?.anchorTo' of global 'ShadowUF'
    /home/openclaw/.openclaw/workspace/git-repos/ShadowedUnitFrames/modules/movers.lua:443:2: (W122) indirectly setting read-only field 'db.profile.positions.?.movedAnchor' of global 'ShadowUF'
    /home/openclaw/.openclaw/workspace/git-repos/ShadowedUnitFrames/modules/movers.lua:444:2: (W122) indirectly setting read-only field 'db.profile.positions.?.anchorPoint' of global 'ShadowUF'
    /home/openclaw/.openclaw/workspace/git-repos/ShadowedUnitFrames/modules/movers.lua:445:2: (W122) indirectly setting read-only field 'db.profile.positions.?.point' of global 'ShadowUF'
    /home/openclaw/.openclaw/workspace/git-repos/ShadowedUnitFrames/modules/movers.lua:446:2: (W122) indirectly setting read-only field 'db.profile.positions.?.relativePoint' of global 'ShadowUF'
    /home/openclaw/.openclaw/workspace/git-repos/ShadowedUnitFrames/modules/movers.lua:447:2: (W122) indirectly setting read-only field 'db.profile.positions.?.x' of global 'ShadowUF'
    /home/openclaw/.openclaw/workspace/git-repos/ShadowedUnitFrames/modules/movers.lua:448:2: (W122) indirectly setting read-only field 'db.profile.positions.?.y' of global 'ShadowUF'
    /home/openclaw/.openclaw/workspace/git-repos/ShadowedUnitFrames/modules/movers.lua:476:52: (W113) accessing undefined variable 'BackdropTemplateMixin'
    /home/openclaw/.openclaw/workspace/git-repos/ShadowedUnitFrames/modules/movers.lua:486:4: (W122) setting read-only field 'db.profile.locked' of global 'ShadowUF'
    /home/openclaw/.openclaw/workspace/git-repos/ShadowedUnitFrames/modules/movers.lua:532:3: (W122) setting read-only field 'db.profile.locked' of global 'ShadowUF'

Total: 67 warnings / 0 errors in 1 file
Checking /home/openclaw/.openclaw/workspace/git-repos/ShadowedUnitFrames/modules/power.lua 4 warnings

    /home/openclaw/.openclaw/workspace/git-repos/ShadowedUnitFrames/modules/power.lua:75:51: (W212) unused argument 'unit'
    /home/openclaw/.openclaw/workspace/git-repos/ShadowedUnitFrames/modules/power.lua:95:15: (W212) unused argument 'self'
    /home/openclaw/.openclaw/workspace/git-repos/ShadowedUnitFrames/modules/power.lua:95:37: (W212) unused argument 'unit'
    /home/openclaw/.openclaw/workspace/git-repos/ShadowedUnitFrames/modules/power.lua:101:69: (W113) accessing undefined variable 'UnitIsConnected'

Total: 4 warnings / 0 errors in 1 file
Checking /home/openclaw/.openclaw/workspace/git-repos/ShadowedUnitFrames/modules/units.lua 50 warnings

    /home/openclaw/.openclaw/workspace/git-repos/ShadowedUnitFrames/modules/units.lua:9:31: (W113) accessing undefined variable 'UnitClass'
    /home/openclaw/.openclaw/workspace/git-repos/ShadowedUnitFrames/modules/units.lua:10:95: (W211) unused variable 'zoneUnits'
    /home/openclaw/.openclaw/workspace/git-repos/ShadowedUnitFrames/modules/units.lua:14:1: (W122) setting read-only field 'Units' of global 'ShadowUF'
    /home/openclaw/.openclaw/workspace/git-repos/ShadowedUnitFrames/modules/units.lua:48:4: (W512) loop is executed at most once
    /home/openclaw/.openclaw/workspace/git-repos/ShadowedUnitFrames/modules/units.lua:48:8: (W213) unused loop variable 'handler'
    /home/openclaw/.openclaw/workspace/git-repos/ShadowedUnitFrames/modules/units.lua:100:3: (W512) loop is executed at most once
    /home/openclaw/.openclaw/workspace/git-repos/ShadowedUnitFrames/modules/units.lua:100:7: (W213) unused loop variable '_handler'
    /home/openclaw/.openclaw/workspace/git-repos/ShadowedUnitFrames/modules/units.lua:158:4: (W512) loop is executed at most once
    /home/openclaw/.openclaw/workspace/git-repos/ShadowedUnitFrames/modules/units.lua:158:8: (W213) unused loop variable '_handler'
    /home/openclaw/.openclaw/workspace/git-repos/ShadowedUnitFrames/modules/units.lua:249:21: (W113) accessing undefined variable 'GetSpecialization'
    /home/openclaw/.openclaw/workspace/git-repos/ShadowedUnitFrames/modules/units.lua:321:77: (W113) accessing undefined variable 'UnitHasVehiclePlayerFrameUI'
    /home/openclaw/.openclaw/workspace/git-repos/ShadowedUnitFrames/modules/units.lua:331:11: (W113) accessing undefined variable 'UnitIsConnected'
    /home/openclaw/.openclaw/workspace/git-repos/ShadowedUnitFrames/modules/units.lua:343:15: (W212) unused argument 'self'
    /home/openclaw/.openclaw/workspace/git-repos/ShadowedUnitFrames/modules/units.lua:347:121: (W113) accessing undefined variable 'UnitHasVehiclePlayerFrameUI'
    /home/openclaw/.openclaw/workspace/git-repos/ShadowedUnitFrames/modules/units.lua:351:11: (W113) accessing undefined variable 'UnitIsConnected'
    /home/openclaw/.openclaw/workspace/git-repos/ShadowedUnitFrames/modules/units.lua:361:77: (W113) accessing undefined variable 'UnitHasVehiclePlayerFrameUI'
    /home/openclaw/.openclaw/workspace/git-repos/ShadowedUnitFrames/modules/units.lua:370:15: (W212) unused argument 'self'
    /home/openclaw/.openclaw/workspace/git-repos/ShadowedUnitFrames/modules/units.lua:383:15: (W212) unused argument 'self'
    /home/openclaw/.openclaw/workspace/git-repos/ShadowedUnitFrames/modules/units.lua:383:43: (W212) unused argument 'event'
    /home/openclaw/.openclaw/workspace/git-repos/ShadowedUnitFrames/modules/units.lua:393:15: (W212) unused argument 'self'
    /home/openclaw/.openclaw/workspace/git-repos/ShadowedUnitFrames/modules/units.lua:423:38: (W113) accessing undefined variable 'SecureButton_GetModifiedUnit'
    /home/openclaw/.openclaw/workspace/git-repos/ShadowedUnitFrames/modules/units.lua:486:3: (W111) setting non-standard global variable 'ClickCastFrames'
    /home/openclaw/.openclaw/workspace/git-repos/ShadowedUnitFrames/modules/units.lua:486:21: (W113) accessing undefined variable 'ClickCastFrames'
    /home/openclaw/.openclaw/workspace/git-repos/ShadowedUnitFrames/modules/units.lua:487:3: (W112) mutating non-standard global variable 'ClickCastFrames'
    /home/openclaw/.openclaw/workspace/git-repos/ShadowedUnitFrames/modules/units.lua:513:48: (W113) accessing undefined variable 'UnitHasVehiclePlayerFrameUI'
    /home/openclaw/.openclaw/workspace/git-repos/ShadowedUnitFrames/modules/units.lua:646:28: (W113) accessing undefined variable 'ClickCastHeader'
    /home/openclaw/.openclaw/workspace/git-repos/ShadowedUnitFrames/modules/units.lua:673:10: (W113) accessing undefined variable 'GameTooltip'
    /home/openclaw/.openclaw/workspace/git-repos/ShadowedUnitFrames/modules/units.lua:674:4: (W113) accessing undefined variable 'UnitFrame_OnEnter'
    /home/openclaw/.openclaw/workspace/git-repos/ShadowedUnitFrames/modules/units.lua:680:9: (W113) accessing undefined variable 'GameTooltip'
    /home/openclaw/.openclaw/workspace/git-repos/ShadowedUnitFrames/modules/units.lua:681:3: (W113) accessing undefined variable 'UnitFrame_OnLeave'
    /home/openclaw/.openclaw/workspace/git-repos/ShadowedUnitFrames/modules/units.lua:687:20: (W113) accessing undefined variable 'UnitClass'
    /home/openclaw/.openclaw/workspace/git-repos/ShadowedUnitFrames/modules/units.lua:692:30: (W113) accessing undefined variable 'GetSpecializationInfoByID'
    /home/openclaw/.openclaw/workspace/git-repos/ShadowedUnitFrames/modules/units.lua:695:15: (W212) unused argument 'self'
    /home/openclaw/.openclaw/workspace/git-repos/ShadowedUnitFrames/modules/units.lua:762:15: (W212) unused argument 'self'
    /home/openclaw/.openclaw/workspace/git-repos/ShadowedUnitFrames/modules/units.lua:772:10: (W213) unused loop variable 'child'
    /home/openclaw/.openclaw/workspace/git-repos/ShadowedUnitFrames/modules/units.lua:783:15: (W212) unused argument 'self'
    /home/openclaw/.openclaw/workspace/git-repos/ShadowedUnitFrames/modules/units.lua:802:87: (W113) accessing undefined variable 'MEMBERS_PER_RAID_GROUP'
    /home/openclaw/.openclaw/workspace/git-repos/ShadowedUnitFrames/modules/units.lua:803:88: (W113) accessing undefined variable 'MEMBERS_PER_RAID_GROUP'
    /home/openclaw/.openclaw/workspace/git-repos/ShadowedUnitFrames/modules/units.lua:928:7: (W213) unused loop variable 'id'
    /home/openclaw/.openclaw/workspace/git-repos/ShadowedUnitFrames/modules/units.lua:1035:9: (W113) accessing undefined variable 'ClickCastHeader'
    /home/openclaw/.openclaw/workspace/git-repos/ShadowedUnitFrames/modules/units.lua:1037:6: (W113) accessing undefined variable 'SecureHandler_OnLoad'
    /home/openclaw/.openclaw/workspace/git-repos/ShadowedUnitFrames/modules/units.lua:1038:44: (W113) accessing undefined variable 'ClickCastHeader'
    /home/openclaw/.openclaw/workspace/git-repos/ShadowedUnitFrames/modules/units.lua:1110:6: (W113) accessing undefined variable 'ClickCastHeader'
    /home/openclaw/.openclaw/workspace/git-repos/ShadowedUnitFrames/modules/units.lua:1112:3: (W113) accessing undefined variable 'SecureHandler_OnLoad'
    /home/openclaw/.openclaw/workspace/git-repos/ShadowedUnitFrames/modules/units.lua:1113:47: (W113) accessing undefined variable 'ClickCastHeader'
    /home/openclaw/.openclaw/workspace/git-repos/ShadowedUnitFrames/modules/units.lua:1316:36: (W113) accessing undefined variable 'SecureButton_GetModifiedUnit'
    /home/openclaw/.openclaw/workspace/git-repos/ShadowedUnitFrames/modules/units.lua:1424:15: (W212) unused argument 'self'
    /home/openclaw/.openclaw/workspace/git-repos/ShadowedUnitFrames/modules/units.lua:1439:15: (W212) unused argument 'self'
    /home/openclaw/.openclaw/workspace/git-repos/ShadowedUnitFrames/modules/units.lua:1455:15: (W212) unused argument 'self'
    /home/openclaw/.openclaw/workspace/git-repos/ShadowedUnitFrames/modules/units.lua:1522:57: (W212) unused argument 'unit'

Total: 50 warnings / 0 errors in 1 file
