Checking /home/openclaw/.openclaw/workspace/git-repos/ShadowedUnitFrames/ShadowedUnitFrames.lua 111 warnings

    /home/openclaw/.openclaw/workspace/git-repos/ShadowedUnitFrames/ShadowedUnitFrames.lua:5:1: (W121) setting read-only global variable 'ShadowUF'
    /home/openclaw/.openclaw/workspace/git-repos/ShadowedUnitFrames/ShadowedUnitFrames.lua:8:1: (W122) setting read-only field 'dbRevision' of global 'ShadowUF'
    /home/openclaw/.openclaw/workspace/git-repos/ShadowedUnitFrames/ShadowedUnitFrames.lua:9:1: (W122) setting read-only field 'playerUnit' of global 'ShadowUF'
    /home/openclaw/.openclaw/workspace/git-repos/ShadowedUnitFrames/ShadowedUnitFrames.lua:10:1: (W122) setting read-only field 'enabledUnits' of global 'ShadowUF'
    /home/openclaw/.openclaw/workspace/git-repos/ShadowedUnitFrames/ShadowedUnitFrames.lua:11:1: (W122) setting read-only field 'modules' of global 'ShadowUF'
    /home/openclaw/.openclaw/workspace/git-repos/ShadowedUnitFrames/ShadowedUnitFrames.lua:12:1: (W122) setting read-only field 'moduleOrder' of global 'ShadowUF'
    /home/openclaw/.openclaw/workspace/git-repos/ShadowedUnitFrames/ShadowedUnitFrames.lua:13:1: (W122) setting read-only field 'unitList' of global 'ShadowUF'
    /home/openclaw/.openclaw/workspace/git-repos/ShadowedUnitFrames/ShadowedUnitFrames.lua:14:1: (W122) setting read-only field 'fakeUnits' of global 'ShadowUF'
    /home/openclaw/.openclaw/workspace/git-repos/ShadowedUnitFrames/ShadowedUnitFrames.lua:15:1: (W122) indirectly setting read-only field 'L.units' of global 'ShadowUF'
    /home/openclaw/.openclaw/workspace/git-repos/ShadowedUnitFrames/ShadowedUnitFrames.lua:16:1: (W122) indirectly setting read-only field 'L.shortUnits' of global 'ShadowUF'
    /home/openclaw/.openclaw/workspace/git-repos/ShadowedUnitFrames/ShadowedUnitFrames.lua:19:1: (W122) setting read-only field 'unitTarget' of global 'ShadowUF'
    /home/openclaw/.openclaw/workspace/git-repos/ShadowedUnitFrames/ShadowedUnitFrames.lua:20:1: (W122) setting read-only field 'partyUnits' of global 'ShadowUF'
    /home/openclaw/.openclaw/workspace/git-repos/ShadowedUnitFrames/ShadowedUnitFrames.lua:20:22: (W122) setting read-only field 'raidUnits' of global 'ShadowUF'
    /home/openclaw/.openclaw/workspace/git-repos/ShadowedUnitFrames/ShadowedUnitFrames.lua:20:42: (W122) setting read-only field 'raidPetUnits' of global 'ShadowUF'
    /home/openclaw/.openclaw/workspace/git-repos/ShadowedUnitFrames/ShadowedUnitFrames.lua:20:65: (W122) setting read-only field 'bossUnits' of global 'ShadowUF'
    /home/openclaw/.openclaw/workspace/git-repos/ShadowedUnitFrames/ShadowedUnitFrames.lua:20:85: (W122) setting read-only field 'arenaUnits' of global 'ShadowUF'
    /home/openclaw/.openclaw/workspace/git-repos/ShadowedUnitFrames/ShadowedUnitFrames.lua:20:106: (W122) setting read-only field 'battlegroundUnits' of global 'ShadowUF'
    /home/openclaw/.openclaw/workspace/git-repos/ShadowedUnitFrames/ShadowedUnitFrames.lua:21:1: (W122) setting read-only field 'maintankUnits' of global 'ShadowUF'
    /home/openclaw/.openclaw/workspace/git-repos/ShadowedUnitFrames/ShadowedUnitFrames.lua:21:25: (W122) setting read-only field 'mainassistUnits' of global 'ShadowUF'
    /home/openclaw/.openclaw/workspace/git-repos/ShadowedUnitFrames/ShadowedUnitFrames.lua:21:51: (W122) setting read-only field 'raidpetUnits' of global 'ShadowUF'
    /home/openclaw/.openclaw/workspace/git-repos/ShadowedUnitFrames/ShadowedUnitFrames.lua:22:31: (W122) setting read-only field 'partyUnits.?' of global 'ShadowUF'
    /home/openclaw/.openclaw/workspace/git-repos/ShadowedUnitFrames/ShadowedUnitFrames.lua:23:30: (W122) setting read-only field 'raidUnits.?' of global 'ShadowUF'
    /home/openclaw/.openclaw/workspace/git-repos/ShadowedUnitFrames/ShadowedUnitFrames.lua:24:30: (W122) setting read-only field 'raidPetUnits.?' of global 'ShadowUF'
    /home/openclaw/.openclaw/workspace/git-repos/ShadowedUnitFrames/ShadowedUnitFrames.lua:25:29: (W122) setting read-only field 'bossUnits.?' of global 'ShadowUF'
    /home/openclaw/.openclaw/workspace/git-repos/ShadowedUnitFrames/ShadowedUnitFrames.lua:26:15: (W122) setting read-only field 'arenaUnits.?' of global 'ShadowUF'
    /home/openclaw/.openclaw/workspace/git-repos/ShadowedUnitFrames/ShadowedUnitFrames.lua:27:15: (W122) setting read-only field 'battlegroundUnits.?' of global 'ShadowUF'
    /home/openclaw/.openclaw/workspace/git-repos/ShadowedUnitFrames/ShadowedUnitFrames.lua:29:10: (W122) setting read-only field 'OnInitialize' of global 'ShadowUF'
    /home/openclaw/.openclaw/workspace/git-repos/ShadowedUnitFrames/ShadowedUnitFrames.lua:94:10: (W122) setting read-only field 'UnitAuraBySpell' of global 'ShadowUF'
    /home/openclaw/.openclaw/workspace/git-repos/ShadowedUnitFrames/ShadowedUnitFrames.lua:113:10: (W122) setting read-only field 'CheckBuild' of global 'ShadowUF'
    /home/openclaw/.openclaw/workspace/git-repos/ShadowedUnitFrames/ShadowedUnitFrames.lua:121:10: (W122) setting read-only field 'CheckUpgrade' of global 'ShadowUF'
    /home/openclaw/.openclaw/workspace/git-repos/ShadowedUnitFrames/ShadowedUnitFrames.lua:217:4: (W122) setting read-only field 'db.profile.font.extra' of global 'ShadowUF'
    /home/openclaw/.openclaw/workspace/git-repos/ShadowedUnitFrames/ShadowedUnitFrames.lua:233:7: (W213) unused loop variable 'unit'
    /home/openclaw/.openclaw/workspace/git-repos/ShadowedUnitFrames/ShadowedUnitFrames.lua:253:6: (W213) unused loop variable 'id'
    /home/openclaw/.openclaw/workspace/git-repos/ShadowedUnitFrames/ShadowedUnitFrames.lua:260:10: (W122) setting read-only field 'LoadUnits' of global 'ShadowUF'
    /home/openclaw/.openclaw/workspace/git-repos/ShadowedUnitFrames/ShadowedUnitFrames.lua:290:10: (W122) setting read-only field 'LoadUnitDefaults' of global 'ShadowUF'
    /home/openclaw/.openclaw/workspace/git-repos/ShadowedUnitFrames/ShadowedUnitFrames.lua:585:26: (W113) accessing undefined variable 'RAID_CLASS_COLORS'
    /home/openclaw/.openclaw/workspace/git-repos/ShadowedUnitFrames/ShadowedUnitFrames.lua:591:10: (W122) setting read-only field 'RegisterModule' of global 'ShadowUF'
    /home/openclaw/.openclaw/workspace/git-repos/ShadowedUnitFrames/ShadowedUnitFrames.lua:593:34: (W113) accessing undefined variable 'C_AddOns'
    /home/openclaw/.openclaw/workspace/git-repos/ShadowedUnitFrames/ShadowedUnitFrames.lua:619:10: (W122) setting read-only field 'FireModuleEvent' of global 'ShadowUF'
    /home/openclaw/.openclaw/workspace/git-repos/ShadowedUnitFrames/ShadowedUnitFrames.lua:634:10: (W122) setting read-only field 'ProfileReset' of global 'ShadowUF'
    /home/openclaw/.openclaw/workspace/git-repos/ShadowedUnitFrames/ShadowedUnitFrames.lua:634:18: (W212) unused argument 'self'
    /home/openclaw/.openclaw/workspace/git-repos/ShadowedUnitFrames/ShadowedUnitFrames.lua:646:10: (W122) setting read-only field 'ProfilesChanged' of global 'ShadowUF'
    /home/openclaw/.openclaw/workspace/git-repos/ShadowedUnitFrames/ShadowedUnitFrames.lua:670:1: (W122) setting read-only field 'noop' of global 'ShadowUF'
    /home/openclaw/.openclaw/workspace/git-repos/ShadowedUnitFrames/ShadowedUnitFrames.lua:671:1: (W122) setting read-only field 'hiddenFrame' of global 'ShadowUF'
    /home/openclaw/.openclaw/workspace/git-repos/ShadowedUnitFrames/ShadowedUnitFrames.lua:711:10: (W122) setting read-only field 'HideBlizzardFrames' of global 'ShadowUF'
    /home/openclaw/.openclaw/workspace/git-repos/ShadowedUnitFrames/ShadowedUnitFrames.lua:713:28: (W113) accessing undefined variable 'PlayerCastingBarFrame'
    /home/openclaw/.openclaw/workspace/git-repos/ShadowedUnitFrames/ShadowedUnitFrames.lua:713:51: (W113) accessing undefined variable 'PetCastingBarFrame'
    /home/openclaw/.openclaw/workspace/git-repos/ShadowedUnitFrames/ShadowedUnitFrames.lua:717:7: (W113) accessing undefined variable 'PartyFrame'
    /home/openclaw/.openclaw/workspace/git-repos/ShadowedUnitFrames/ShadowedUnitFrames.lua:718:30: (W113) accessing undefined variable 'PartyFrame'
    /home/openclaw/.openclaw/workspace/git-repos/ShadowedUnitFrames/ShadowedUnitFrames.lua:719:23: (W113) accessing undefined variable 'PartyFrame'
    /home/openclaw/.openclaw/workspace/git-repos/ShadowedUnitFrames/ShadowedUnitFrames.lua:726:4: (W113) accessing undefined variable 'PartyFrame'
    /home/openclaw/.openclaw/workspace/git-repos/ShadowedUnitFrames/ShadowedUnitFrames.lua:738:7: (W113) accessing undefined variable 'CompactPartyFrame'
    /home/openclaw/.openclaw/workspace/git-repos/ShadowedUnitFrames/ShadowedUnitFrames.lua:739:30: (W113) accessing undefined variable 'CompactPartyFrame'
    /home/openclaw/.openclaw/workspace/git-repos/ShadowedUnitFrames/ShadowedUnitFrames.lua:743:6: (W113) accessing undefined variable 'CompactRaidFrameManager'
    /home/openclaw/.openclaw/workspace/git-repos/ShadowedUnitFrames/ShadowedUnitFrames.lua:748:5: (W113) accessing undefined variable 'CompactRaidFrameManager'
    /home/openclaw/.openclaw/workspace/git-repos/ShadowedUnitFrames/ShadowedUnitFrames.lua:749:5: (W113) accessing undefined variable 'CompactRaidFrameContainer'
    /home/openclaw/.openclaw/workspace/git-repos/ShadowedUnitFrames/ShadowedUnitFrames.lua:752:5: (W113) accessing undefined variable 'CompactRaidFrameManager'
    /home/openclaw/.openclaw/workspace/git-repos/ShadowedUnitFrames/ShadowedUnitFrames.lua:753:19: (W113) accessing undefined variable 'CompactRaidFrameManager_GetSetting'
    /home/openclaw/.openclaw/workspace/git-repos/ShadowedUnitFrames/ShadowedUnitFrames.lua:755:6: (W113) accessing undefined variable 'CompactRaidFrameManager_SetSetting'
    /home/openclaw/.openclaw/workspace/git-repos/ShadowedUnitFrames/ShadowedUnitFrames.lua:759:4: (W113) accessing undefined variable 'hooksecurefunc'
    /home/openclaw/.openclaw/workspace/git-repos/ShadowedUnitFrames/ShadowedUnitFrames.lua:766:4: (W113) accessing undefined variable 'CompactRaidFrameContainer'
    /home/openclaw/.openclaw/workspace/git-repos/ShadowedUnitFrames/ShadowedUnitFrames.lua:767:4: (W113) accessing undefined variable 'CompactRaidFrameManager'
    /home/openclaw/.openclaw/workspace/git-repos/ShadowedUnitFrames/ShadowedUnitFrames.lua:772:29: (W113) accessing undefined variable 'BuffFrame'
    /home/openclaw/.openclaw/workspace/git-repos/ShadowedUnitFrames/ShadowedUnitFrames.lua:772:40: (W113) accessing undefined variable 'DebuffFrame'
    /home/openclaw/.openclaw/workspace/git-repos/ShadowedUnitFrames/ShadowedUnitFrames.lua:776:29: (W113) accessing undefined variable 'PlayerFrame'
    /home/openclaw/.openclaw/workspace/git-repos/ShadowedUnitFrames/ShadowedUnitFrames.lua:776:42: (W113) accessing undefined variable 'AlternatePowerBar'
    /home/openclaw/.openclaw/workspace/git-repos/ShadowedUnitFrames/ShadowedUnitFrames.lua:779:3: (W113) accessing undefined variable 'PlayerFrame'
    /home/openclaw/.openclaw/workspace/git-repos/ShadowedUnitFrames/ShadowedUnitFrames.lua:780:3: (W113) accessing undefined variable 'PlayerFrame'
    /home/openclaw/.openclaw/workspace/git-repos/ShadowedUnitFrames/ShadowedUnitFrames.lua:781:3: (W113) accessing undefined variable 'PlayerFrame'
    /home/openclaw/.openclaw/workspace/git-repos/ShadowedUnitFrames/ShadowedUnitFrames.lua:782:3: (W113) accessing undefined variable 'PlayerFrame'
    /home/openclaw/.openclaw/workspace/git-repos/ShadowedUnitFrames/ShadowedUnitFrames.lua:783:3: (W113) accessing undefined variable 'PlayerFrame'
    /home/openclaw/.openclaw/workspace/git-repos/ShadowedUnitFrames/ShadowedUnitFrames.lua:784:3: (W113) accessing undefined variable 'PlayerFrame'
    /home/openclaw/.openclaw/workspace/git-repos/ShadowedUnitFrames/ShadowedUnitFrames.lua:785:3: (W113) accessing undefined variable 'PlayerFrame'
    /home/openclaw/.openclaw/workspace/git-repos/ShadowedUnitFrames/ShadowedUnitFrames.lua:786:3: (W113) accessing undefined variable 'PlayerFrame'
    /home/openclaw/.openclaw/workspace/git-repos/ShadowedUnitFrames/ShadowedUnitFrames.lua:790:27: (W113) accessing undefined variable 'RuneFrame'
    /home/openclaw/.openclaw/workspace/git-repos/ShadowedUnitFrames/ShadowedUnitFrames.lua:790:38: (W113) accessing undefined variable 'WarlockPowerFrame'
    /home/openclaw/.openclaw/workspace/git-repos/ShadowedUnitFrames/ShadowedUnitFrames.lua:790:57: (W113) accessing undefined variable 'MonkHarmonyBarFrame'
    /home/openclaw/.openclaw/workspace/git-repos/ShadowedUnitFrames/ShadowedUnitFrames.lua:790:78: (W113) accessing undefined variable 'PaladinPowerBarFrame'
    /home/openclaw/.openclaw/workspace/git-repos/ShadowedUnitFrames/ShadowedUnitFrames.lua:790:100: (W113) accessing undefined variable 'MageArcaneChargesFrame'
    /home/openclaw/.openclaw/workspace/git-repos/ShadowedUnitFrames/ShadowedUnitFrames.lua:790:124: (W113) accessing undefined variable 'EssencePlayerFrame'
    /home/openclaw/.openclaw/workspace/git-repos/ShadowedUnitFrames/ShadowedUnitFrames.lua:794:29: (W113) accessing undefined variable 'PetFrame'
    /home/openclaw/.openclaw/workspace/git-repos/ShadowedUnitFrames/ShadowedUnitFrames.lua:798:29: (W113) accessing undefined variable 'TargetFrame'
    /home/openclaw/.openclaw/workspace/git-repos/ShadowedUnitFrames/ShadowedUnitFrames.lua:798:42: (W113) accessing undefined variable 'ComboFrame'
    /home/openclaw/.openclaw/workspace/git-repos/ShadowedUnitFrames/ShadowedUnitFrames.lua:798:54: (W113) accessing undefined variable 'TargetFrameToT'
    /home/openclaw/.openclaw/workspace/git-repos/ShadowedUnitFrames/ShadowedUnitFrames.lua:802:29: (W113) accessing undefined variable 'FocusFrame'
    /home/openclaw/.openclaw/workspace/git-repos/ShadowedUnitFrames/ShadowedUnitFrames.lua:802:41: (W113) accessing undefined variable 'FocusFrameToT'
    /home/openclaw/.openclaw/workspace/git-repos/ShadowedUnitFrames/ShadowedUnitFrames.lua:806:29: (W113) accessing undefined variable 'BossTargetFrameContainer'
    /home/openclaw/.openclaw/workspace/git-repos/ShadowedUnitFrames/ShadowedUnitFrames.lua:825:28: (W113) accessing undefined variable 'ArenaEnemyFramesContainer'
    /home/openclaw/.openclaw/workspace/git-repos/ShadowedUnitFrames/ShadowedUnitFrames.lua:825:55: (W113) accessing undefined variable 'ArenaEnemyPrepFramesContainer'
    /home/openclaw/.openclaw/workspace/git-repos/ShadowedUnitFrames/ShadowedUnitFrames.lua:825:86: (W113) accessing undefined variable 'ArenaEnemyMatchFramesContainer'
    /home/openclaw/.openclaw/workspace/git-repos/ShadowedUnitFrames/ShadowedUnitFrames.lua:829:29: (W113) accessing undefined variable 'PlayerPowerBarAlt'
    /home/openclaw/.openclaw/workspace/git-repos/ShadowedUnitFrames/ShadowedUnitFrames.lua:850:10: (W122) setting read-only field 'ShowInfoPanel' of global 'ShadowUF'
    /home/openclaw/.openclaw/workspace/git-repos/ShadowedUnitFrames/ShadowedUnitFrames.lua:850:18: (W212) unused argument 'self'
    /home/openclaw/.openclaw/workspace/git-repos/ShadowedUnitFrames/ShadowedUnitFrames.lua:854:2: (W122) setting read-only field 'db.global.infoID' of global 'ShadowUF'
    /home/openclaw/.openclaw/workspace/git-repos/ShadowedUnitFrames/ShadowedUnitFrames.lua:857:52: (W113) accessing undefined variable 'BackdropTemplateMixin'
    /home/openclaw/.openclaw/workspace/git-repos/ShadowedUnitFrames/ShadowedUnitFrames.lua:899:10: (W122) setting read-only field 'Print' of global 'ShadowUF'
    /home/openclaw/.openclaw/workspace/git-repos/ShadowedUnitFrames/ShadowedUnitFrames.lua:899:18: (W212) unused argument 'self'
    /home/openclaw/.openclaw/workspace/git-repos/ShadowedUnitFrames/ShadowedUnitFrames.lua:903:1: (W111) setting non-standard global variable 'CONFIGMODE_CALLBACKS'
    /home/openclaw/.openclaw/workspace/git-repos/ShadowedUnitFrames/ShadowedUnitFrames.lua:903:24: (W113) accessing undefined variable 'CONFIGMODE_CALLBACKS'
    /home/openclaw/.openclaw/workspace/git-repos/ShadowedUnitFrames/ShadowedUnitFrames.lua:904:1: (W112) mutating non-standard global variable 'CONFIGMODE_CALLBACKS'
    /home/openclaw/.openclaw/workspace/git-repos/ShadowedUnitFrames/ShadowedUnitFrames.lua:906:3: (W122) setting read-only field 'db.profile.locked' of global 'ShadowUF'
    /home/openclaw/.openclaw/workspace/git-repos/ShadowedUnitFrames/ShadowedUnitFrames.lua:907:3: (W122) setting read-only field 'modules.movers.isConfigModeSpec' of global 'ShadowUF'
    /home/openclaw/.openclaw/workspace/git-repos/ShadowedUnitFrames/ShadowedUnitFrames.lua:909:3: (W122) setting read-only field 'db.profile.locked' of global 'ShadowUF'
    /home/openclaw/.openclaw/workspace/git-repos/ShadowedUnitFrames/ShadowedUnitFrames.lua:915:1: (W111) setting non-standard global variable 'SLASH_SHADOWEDUF1'
    /home/openclaw/.openclaw/workspace/git-repos/ShadowedUnitFrames/ShadowedUnitFrames.lua:916:1: (W111) setting non-standard global variable 'SLASH_SHADOWEDUF2'
    /home/openclaw/.openclaw/workspace/git-repos/ShadowedUnitFrames/ShadowedUnitFrames.lua:917:1: (W111) setting non-standard global variable 'SLASH_SHADOWEDUF3'
    /home/openclaw/.openclaw/workspace/git-repos/ShadowedUnitFrames/ShadowedUnitFrames.lua:918:1: (W111) setting non-standard global variable 'SLASH_SHADOWEDUF4'
    /home/openclaw/.openclaw/workspace/git-repos/ShadowedUnitFrames/ShadowedUnitFrames.lua:919:1: (W112) mutating non-standard global variable 'SlashCmdList'
    /home/openclaw/.openclaw/workspace/git-repos/ShadowedUnitFrames/ShadowedUnitFrames.lua:924:7: (W213) unused loop variable 'id'
    /home/openclaw/.openclaw/workspace/git-repos/ShadowedUnitFrames/ShadowedUnitFrames.lua:936:8: (W211) unused variable 'loaded'
    /home/openclaw/.openclaw/workspace/git-repos/ShadowedUnitFrames/ShadowedUnitFrames.lua:936:25: (W113) accessing undefined variable 'C_AddOns'

Total: 111 warnings / 0 errors in 1 file
